<?xml version="1.0" encoding="UTF-8"?>
<testsuite name="br.ce.smartdocs.test.CT006CriarNovaPastaManualmente" time="427.277" tests="8" errors="8" skipped="0" failures="0">
  <properties>
    <property name="java.runtime.name" value="OpenJDK Runtime Environment"/>
    <property name="java.vm.version" value="11.0.11+9-Ubuntu-0ubuntu2.20.04"/>
    <property name="sun.boot.library.path" value="/usr/lib/jvm/java-11-openjdk-amd64/lib"/>
    <property name="maven.multiModuleProjectDirectory" value="/home/marcoscosta/eclipse-workspace/SmartDocsGrid"/>
    <property name="java.vm.vendor" value="Ubuntu"/>
    <property name="java.vendor.url" value="https://ubuntu.com/"/>
    <property name="guice.disable.misplaced.annotation.check" value="true"/>
    <property name="path.separator" value=":"/>
    <property name="java.vm.name" value="OpenJDK 64-Bit Server VM"/>
    <property name="sun.os.patch.level" value="unknown"/>
    <property name="user.country" value="BR"/>
    <property name="sun.java.launcher" value="SUN_STANDARD"/>
    <property name="java.vm.specification.name" value="Java Virtual Machine Specification"/>
    <property name="user.dir" value="/home/marcoscosta/eclipse-workspace/SmartDocsGrid"/>
    <property name="java.vm.compressedOopsMode" value="Zero based"/>
    <property name="java.runtime.version" value="11.0.11+9-Ubuntu-0ubuntu2.20.04"/>
    <property name="java.awt.graphicsenv" value="sun.awt.X11GraphicsEnvironment"/>
    <property name="os.arch" value="amd64"/>
    <property name="java.io.tmpdir" value="/tmp"/>
    <property name="line.separator" value="&#10;"/>
    <property name="java.vm.specification.vendor" value="Oracle Corporation"/>
    <property name="os.name" value="Linux"/>
    <property name="classworlds.conf" value="/home/marcoscosta/drivers/apache-maven-3.8.3/bin/m2.conf"/>
    <property name="sun.jnu.encoding" value="UTF-8"/>
    <property name="java.library.path" value="/usr/java/packages/lib:/usr/lib/x86_64-linux-gnu/jni:/lib/x86_64-linux-gnu:/usr/lib/x86_64-linux-gnu:/usr/lib/jni:/lib:/usr/lib"/>
    <property name="maven.conf" value="/home/marcoscosta/drivers/apache-maven-3.8.3/conf"/>
    <property name="jdk.debug" value="release"/>
    <property name="java.class.version" value="55.0"/>
    <property name="java.specification.name" value="Java Platform API Specification"/>
    <property name="sun.management.compiler" value="HotSpot 64-Bit Tiered Compilers"/>
    <property name="os.version" value="5.11.0-7620-generic"/>
    <property name="library.jansi.path" value="/home/marcoscosta/drivers/apache-maven-3.8.3/lib/jansi-native"/>
    <property name="user.home" value="/home/marcoscosta"/>
    <property name="user.timezone" value="America/Sao_Paulo"/>
    <property name="java.awt.printerjob" value="sun.print.PSPrinterJob"/>
    <property name="file.encoding" value="UTF-8"/>
    <property name="java.specification.version" value="11"/>
    <property name="user.name" value="marcoscosta"/>
    <property name="java.class.path" value="/home/marcoscosta/drivers/apache-maven-3.8.3/boot/plexus-classworlds-2.6.0.jar"/>
    <property name="java.vm.specification.version" value="11"/>
    <property name="sun.arch.data.model" value="64"/>
    <property name="sun.java.command" value="org.codehaus.plexus.classworlds.launcher.Launcher test"/>
    <property name="java.home" value="/usr/lib/jvm/java-11-openjdk-amd64"/>
    <property name="user.language" value="pt"/>
    <property name="java.specification.vendor" value="Oracle Corporation"/>
    <property name="awt.toolkit" value="sun.awt.X11.XToolkit"/>
    <property name="java.vm.info" value="mixed mode, sharing"/>
    <property name="java.version" value="11.0.11"/>
    <property name="java.vendor" value="Ubuntu"/>
    <property name="maven.home" value="/home/marcoscosta/drivers/apache-maven-3.8.3"/>
    <property name="file.separator" value="/"/>
    <property name="java.version.date" value="2021-04-20"/>
    <property name="java.vendor.url.bug" value="https://bugs.launchpad.net/ubuntu/+source/openjdk-lts"/>
    <property name="sun.io.unicode.encoding" value="UnicodeLittle"/>
    <property name="sun.cpu.endian" value="little"/>
    <property name="sun.desktop" value="gnome"/>
    <property name="sun.cpu.isalist" value=""/>
  </properties>
  <testcase name="teste3_CriarNovaPastaComTituloRepetidoNaArvoreDePastas" classname="br.ce.smartdocs.test.CT006CriarNovaPastaManualmente" time="67.78">
    <error message="Expected condition failed: waiting for element to be clickable: By.xpath: //html/body/div[3]/div[3]/ul/li[1]/div[2]/span (tried for 5 second(s) with 500 milliseconds interval)" type="org.openqa.selenium.TimeoutException">org.openqa.selenium.TimeoutException: Expected condition failed: waiting for element to be clickable: By.xpath: //html/body/div[3]/div[3]/ul/li[1]/div[2]/span (tried for 5 second(s) with 500 milliseconds interval)
	at org.openqa.selenium.support.ui.ExpectedConditions.lambda$findElement$0(ExpectedConditions.java:896)
	at java.base/java.util.Optional.orElseThrow(Optional.java:408)
	at org.openqa.selenium.support.ui.ExpectedConditions.findElement(ExpectedConditions.java:895)
	at org.openqa.selenium.support.ui.ExpectedConditions.access$000(ExpectedConditions.java:44)
	at org.openqa.selenium.support.ui.ExpectedConditions$7.apply(ExpectedConditions.java:206)
	at org.openqa.selenium.support.ui.ExpectedConditions$7.apply(ExpectedConditions.java:202)
	at org.openqa.selenium.support.ui.ExpectedConditions$22.apply(ExpectedConditions.java:657)
	at org.openqa.selenium.support.ui.ExpectedConditions$22.apply(ExpectedConditions.java:654)
	at org.openqa.selenium.support.ui.FluentWait.until(FluentWait.java:248)
	at br.com.smartdocs.core.BasePage.esperaExplicita(BasePage.java:433)
	at br.com.smartdocs.core.BasePage.esperaExplicita(BasePage.java:437)
	at br.com.smartdocs.core.BasePage.esperaExplicitaEClica(BasePage.java:441)
	at br.ce.smartdocs.page.MenuMaisPage.acessarTelaNovaPasta(MenuMaisPage.java:15)
	at br.ce.smartdocs.test.CT006CriarNovaPastaManualmente.teste3_CriarNovaPastaComTituloRepetidoNaArvoreDePastas(CT006CriarNovaPastaManualmente.java:48)
</error>
    <system-err><![CDATA[nov 12, 2021 3:09:17 PM org.openqa.selenium.remote.DesiredCapabilities firefox
INFORMAÇÕES: Using `new FirefoxOptions()` is preferred to `DesiredCapabilities.firefox()`
nov 12, 2021 3:09:21 PM org.openqa.selenium.remote.ProtocolHandshake createSession
INFORMAÇÕES: Detected dialect: W3C
]]></system-err>
  </testcase>
  <testcase name="teste1_CriarNovaPastaSemSelecionarWorkspace" classname="br.ce.smartdocs.test.CT006CriarNovaPastaManualmente" time="49.144">
    <error message="Expected condition failed: waiting for element to be clickable: By.xpath: //html/body/div[3]/div[3]/ul/li[1]/div[2]/span (tried for 5 second(s) with 500 milliseconds interval)" type="org.openqa.selenium.TimeoutException">org.openqa.selenium.TimeoutException: Expected condition failed: waiting for element to be clickable: By.xpath: //html/body/div[3]/div[3]/ul/li[1]/div[2]/span (tried for 5 second(s) with 500 milliseconds interval)
	at org.openqa.selenium.support.ui.ExpectedConditions.lambda$findElement$0(ExpectedConditions.java:896)
	at java.base/java.util.Optional.orElseThrow(Optional.java:408)
	at org.openqa.selenium.support.ui.ExpectedConditions.findElement(ExpectedConditions.java:895)
	at org.openqa.selenium.support.ui.ExpectedConditions.access$000(ExpectedConditions.java:44)
	at org.openqa.selenium.support.ui.ExpectedConditions$7.apply(ExpectedConditions.java:206)
	at org.openqa.selenium.support.ui.ExpectedConditions$7.apply(ExpectedConditions.java:202)
	at org.openqa.selenium.support.ui.ExpectedConditions$22.apply(ExpectedConditions.java:657)
	at org.openqa.selenium.support.ui.ExpectedConditions$22.apply(ExpectedConditions.java:654)
	at org.openqa.selenium.support.ui.FluentWait.until(FluentWait.java:248)
	at br.com.smartdocs.core.BasePage.esperaExplicita(BasePage.java:433)
	at br.com.smartdocs.core.BasePage.esperaExplicita(BasePage.java:437)
	at br.com.smartdocs.core.BasePage.esperaExplicitaEClica(BasePage.java:441)
	at br.ce.smartdocs.page.MenuMaisPage.acessarTelaNovaPasta(MenuMaisPage.java:15)
	at br.ce.smartdocs.test.CT006CriarNovaPastaManualmente.teste1_CriarNovaPastaSemSelecionarWorkspace(CT006CriarNovaPastaManualmente.java:25)
</error>
    <system-err><![CDATA[nov 12, 2021 3:09:21 PM org.openqa.selenium.remote.DesiredCapabilities firefox
INFORMAÇÕES: Using `new FirefoxOptions()` is preferred to `DesiredCapabilities.firefox()`
nov 12, 2021 3:09:25 PM org.openqa.selenium.remote.ProtocolHandshake createSession
INFORMAÇÕES: Detected dialect: W3C
]]></system-err>
  </testcase>
  <testcase name="teste2_CriarNovaPastaNaArvoreDePastas" classname="br.ce.smartdocs.test.CT006CriarNovaPastaManualmente" time="50.47">
    <error message="Expected condition failed: waiting for element to be clickable: By.xpath: //html/body/div[3]/div[3]/ul/li[1]/div[2]/span (tried for 5 second(s) with 500 milliseconds interval)" type="org.openqa.selenium.TimeoutException">org.openqa.selenium.TimeoutException: Expected condition failed: waiting for element to be clickable: By.xpath: //html/body/div[3]/div[3]/ul/li[1]/div[2]/span (tried for 5 second(s) with 500 milliseconds interval)
	at org.openqa.selenium.support.ui.ExpectedConditions.lambda$findElement$0(ExpectedConditions.java:896)
	at java.base/java.util.Optional.orElseThrow(Optional.java:408)
	at org.openqa.selenium.support.ui.ExpectedConditions.findElement(ExpectedConditions.java:895)
	at org.openqa.selenium.support.ui.ExpectedConditions.access$000(ExpectedConditions.java:44)
	at org.openqa.selenium.support.ui.ExpectedConditions$7.apply(ExpectedConditions.java:206)
	at org.openqa.selenium.support.ui.ExpectedConditions$7.apply(ExpectedConditions.java:202)
	at org.openqa.selenium.support.ui.ExpectedConditions$22.apply(ExpectedConditions.java:657)
	at org.openqa.selenium.support.ui.ExpectedConditions$22.apply(ExpectedConditions.java:654)
	at org.openqa.selenium.support.ui.FluentWait.until(FluentWait.java:248)
	at br.com.smartdocs.core.BasePage.esperaExplicita(BasePage.java:433)
	at br.com.smartdocs.core.BasePage.esperaExplicita(BasePage.java:437)
	at br.com.smartdocs.core.BasePage.esperaExplicitaEClica(BasePage.java:441)
	at br.ce.smartdocs.page.MenuMaisPage.acessarTelaNovaPasta(MenuMaisPage.java:15)
	at br.ce.smartdocs.test.CT006CriarNovaPastaManualmente.teste2_CriarNovaPastaNaArvoreDePastas(CT006CriarNovaPastaManualmente.java:36)
</error>
    <system-err><![CDATA[nov 12, 2021 3:09:25 PM org.openqa.selenium.remote.DesiredCapabilities firefox
INFORMAÇÕES: Using `new FirefoxOptions()` is preferred to `DesiredCapabilities.firefox()`
nov 12, 2021 3:09:29 PM org.openqa.selenium.remote.ProtocolHandshake createSession
INFORMAÇÕES: Detected dialect: W3C
]]></system-err>
  </testcase>
  <testcase name="teste4_CriarNovaPastaComDescricaoRepetidaNaArvoreDePastas" classname="br.ce.smartdocs.test.CT006CriarNovaPastaManualmente" time="39.039">
    <error message="Expected condition failed: waiting for element to be clickable: By.xpath: //html/body/div[3]/div[3]/ul/li[1]/div[2]/span (tried for 5 second(s) with 500 milliseconds interval)" type="org.openqa.selenium.TimeoutException">org.openqa.selenium.TimeoutException: Expected condition failed: waiting for element to be clickable: By.xpath: //html/body/div[3]/div[3]/ul/li[1]/div[2]/span (tried for 5 second(s) with 500 milliseconds interval)
	at org.openqa.selenium.support.ui.ExpectedConditions.lambda$findElement$0(ExpectedConditions.java:896)
	at java.base/java.util.Optional.orElseThrow(Optional.java:408)
	at org.openqa.selenium.support.ui.ExpectedConditions.findElement(ExpectedConditions.java:895)
	at org.openqa.selenium.support.ui.ExpectedConditions.access$000(ExpectedConditions.java:44)
	at org.openqa.selenium.support.ui.ExpectedConditions$7.apply(ExpectedConditions.java:206)
	at org.openqa.selenium.support.ui.ExpectedConditions$7.apply(ExpectedConditions.java:202)
	at org.openqa.selenium.support.ui.ExpectedConditions$22.apply(ExpectedConditions.java:657)
	at org.openqa.selenium.support.ui.ExpectedConditions$22.apply(ExpectedConditions.java:654)
	at org.openqa.selenium.support.ui.FluentWait.until(FluentWait.java:248)
	at br.com.smartdocs.core.BasePage.esperaExplicita(BasePage.java:433)
	at br.com.smartdocs.core.BasePage.esperaExplicita(BasePage.java:437)
	at br.com.smartdocs.core.BasePage.esperaExplicitaEClica(BasePage.java:441)
	at br.ce.smartdocs.page.MenuMaisPage.acessarTelaNovaPasta(MenuMaisPage.java:15)
	at br.ce.smartdocs.test.CT006CriarNovaPastaManualmente.teste4_CriarNovaPastaComDescricaoRepetidaNaArvoreDePastas(CT006CriarNovaPastaManualmente.java:60)
</error>
    <system-err><![CDATA[nov 12, 2021 3:09:55 PM org.openqa.selenium.remote.DesiredCapabilities firefox
INFORMAÇÕES: Using `new FirefoxOptions()` is preferred to `DesiredCapabilities.firefox()`
nov 12, 2021 3:10:00 PM org.openqa.selenium.remote.ProtocolHandshake createSession
INFORMAÇÕES: Detected dialect: W3C
]]></system-err>
  </testcase>
  <testcase name="teste5_CriarNovaPastaComDescricaoETituloRepetidoNaArvoreDePastas" classname="br.ce.smartdocs.test.CT006CriarNovaPastaManualmente" time="65.384">
    <error message="Expected condition failed: waiting for element to be clickable: By.xpath: //html/body/div[3]/div[3]/ul/li[1]/div[2]/span (tried for 5 second(s) with 500 milliseconds interval)" type="org.openqa.selenium.TimeoutException">org.openqa.selenium.TimeoutException: Expected condition failed: waiting for element to be clickable: By.xpath: //html/body/div[3]/div[3]/ul/li[1]/div[2]/span (tried for 5 second(s) with 500 milliseconds interval)
	at org.openqa.selenium.support.ui.ExpectedConditions.lambda$findElement$0(ExpectedConditions.java:896)
	at java.base/java.util.Optional.orElseThrow(Optional.java:408)
	at org.openqa.selenium.support.ui.ExpectedConditions.findElement(ExpectedConditions.java:895)
	at org.openqa.selenium.support.ui.ExpectedConditions.access$000(ExpectedConditions.java:44)
	at org.openqa.selenium.support.ui.ExpectedConditions$7.apply(ExpectedConditions.java:206)
	at org.openqa.selenium.support.ui.ExpectedConditions$7.apply(ExpectedConditions.java:202)
	at org.openqa.selenium.support.ui.ExpectedConditions$22.apply(ExpectedConditions.java:657)
	at org.openqa.selenium.support.ui.ExpectedConditions$22.apply(ExpectedConditions.java:654)
	at org.openqa.selenium.support.ui.FluentWait.until(FluentWait.java:248)
	at br.com.smartdocs.core.BasePage.esperaExplicita(BasePage.java:433)
	at br.com.smartdocs.core.BasePage.esperaExplicita(BasePage.java:437)
	at br.com.smartdocs.core.BasePage.esperaExplicitaEClica(BasePage.java:441)
	at br.ce.smartdocs.page.MenuMaisPage.acessarTelaNovaPasta(MenuMaisPage.java:15)
	at br.ce.smartdocs.test.CT006CriarNovaPastaManualmente.teste5_CriarNovaPastaComDescricaoETituloRepetidoNaArvoreDePastas(CT006CriarNovaPastaManualmente.java:72)
</error>
    <system-err><![CDATA[nov 12, 2021 3:10:03 PM org.openqa.selenium.remote.DesiredCapabilities firefox
INFORMAÇÕES: Using `new FirefoxOptions()` is preferred to `DesiredCapabilities.firefox()`
nov 12, 2021 3:10:08 PM org.openqa.selenium.remote.ProtocolHandshake createSession
INFORMAÇÕES: Detected dialect: W3C
]]></system-err>
  </testcase>
  <testcase name="teste6_CriarNovaSubpasta" classname="br.ce.smartdocs.test.CT006CriarNovaPastaManualmente" time="50.271">
    <error message="Expected condition failed: waiting for element to be clickable: By.xpath: //html/body/div[3]/div[3]/ul/li[1]/div[2]/span (tried for 5 second(s) with 500 milliseconds interval)" type="org.openqa.selenium.TimeoutException">org.openqa.selenium.TimeoutException: Expected condition failed: waiting for element to be clickable: By.xpath: //html/body/div[3]/div[3]/ul/li[1]/div[2]/span (tried for 5 second(s) with 500 milliseconds interval)
	at org.openqa.selenium.support.ui.ExpectedConditions.lambda$findElement$0(ExpectedConditions.java:896)
	at java.base/java.util.Optional.orElseThrow(Optional.java:408)
	at org.openqa.selenium.support.ui.ExpectedConditions.findElement(ExpectedConditions.java:895)
	at org.openqa.selenium.support.ui.ExpectedConditions.access$000(ExpectedConditions.java:44)
	at org.openqa.selenium.support.ui.ExpectedConditions$7.apply(ExpectedConditions.java:206)
	at org.openqa.selenium.support.ui.ExpectedConditions$7.apply(ExpectedConditions.java:202)
	at org.openqa.selenium.support.ui.ExpectedConditions$22.apply(ExpectedConditions.java:657)
	at org.openqa.selenium.support.ui.ExpectedConditions$22.apply(ExpectedConditions.java:654)
	at org.openqa.selenium.support.ui.FluentWait.until(FluentWait.java:248)
	at br.com.smartdocs.core.BasePage.esperaExplicita(BasePage.java:433)
	at br.com.smartdocs.core.BasePage.esperaExplicita(BasePage.java:437)
	at br.com.smartdocs.core.BasePage.esperaExplicitaEClica(BasePage.java:441)
	at br.ce.smartdocs.page.MenuMaisPage.acessarTelaNovaPasta(MenuMaisPage.java:15)
	at br.ce.smartdocs.test.CT006CriarNovaPastaManualmente.teste6_CriarNovaSubpasta(CT006CriarNovaPastaManualmente.java:84)
</error>
    <system-err><![CDATA[nov 12, 2021 3:10:08 PM org.openqa.selenium.remote.DesiredCapabilities firefox
INFORMAÇÕES: Using `new FirefoxOptions()` is preferred to `DesiredCapabilities.firefox()`
nov 12, 2021 3:10:12 PM org.openqa.selenium.remote.ProtocolHandshake createSession
INFORMAÇÕES: Detected dialect: W3C
]]></system-err>
  </testcase>
  <testcase name="teste7_CriarSubpastaComTituloRepetido" classname="br.ce.smartdocs.test.CT006CriarNovaPastaManualmente" time="54.204">
    <error message="Expected condition failed: waiting for element to be clickable: By.xpath: //html/body/div[3]/div[3]/ul/li[1]/div[2]/span (tried for 5 second(s) with 500 milliseconds interval)" type="org.openqa.selenium.TimeoutException">org.openqa.selenium.TimeoutException: Expected condition failed: waiting for element to be clickable: By.xpath: //html/body/div[3]/div[3]/ul/li[1]/div[2]/span (tried for 5 second(s) with 500 milliseconds interval)
	at org.openqa.selenium.support.ui.ExpectedConditions.lambda$findElement$0(ExpectedConditions.java:896)
	at java.base/java.util.Optional.orElseThrow(Optional.java:408)
	at org.openqa.selenium.support.ui.ExpectedConditions.findElement(ExpectedConditions.java:895)
	at org.openqa.selenium.support.ui.ExpectedConditions.access$000(ExpectedConditions.java:44)
	at org.openqa.selenium.support.ui.ExpectedConditions$7.apply(ExpectedConditions.java:206)
	at org.openqa.selenium.support.ui.ExpectedConditions$7.apply(ExpectedConditions.java:202)
	at org.openqa.selenium.support.ui.ExpectedConditions$22.apply(ExpectedConditions.java:657)
	at org.openqa.selenium.support.ui.ExpectedConditions$22.apply(ExpectedConditions.java:654)
	at org.openqa.selenium.support.ui.FluentWait.until(FluentWait.java:248)
	at br.com.smartdocs.core.BasePage.esperaExplicita(BasePage.java:433)
	at br.com.smartdocs.core.BasePage.esperaExplicita(BasePage.java:437)
	at br.com.smartdocs.core.BasePage.esperaExplicitaEClica(BasePage.java:441)
	at br.ce.smartdocs.page.MenuMaisPage.acessarTelaNovaPasta(MenuMaisPage.java:15)
	at br.ce.smartdocs.test.CT006CriarNovaPastaManualmente.teste7_CriarSubpastaComTituloRepetido(CT006CriarNovaPastaManualmente.java:98)
</error>
    <system-err><![CDATA[nov 12, 2021 3:10:16 PM org.openqa.selenium.remote.DesiredCapabilities firefox
INFORMAÇÕES: Using `new FirefoxOptions()` is preferred to `DesiredCapabilities.firefox()`
nov 12, 2021 3:10:21 PM org.openqa.selenium.remote.ProtocolHandshake createSession
INFORMAÇÕES: Detected dialect: W3C
]]></system-err>
  </testcase>
  <testcase name="teste8_CriarNovaSubpastaComDescricaoRepetida" classname="br.ce.smartdocs.test.CT006CriarNovaPastaManualmente" time="50.985">
    <error message="Expected condition failed: waiting for element to be clickable: By.xpath: //html/body/div[3]/div[3]/ul/li[1]/div[2]/span (tried for 5 second(s) with 500 milliseconds interval)" type="org.openqa.selenium.TimeoutException">org.openqa.selenium.TimeoutException: Expected condition failed: waiting for element to be clickable: By.xpath: //html/body/div[3]/div[3]/ul/li[1]/div[2]/span (tried for 5 second(s) with 500 milliseconds interval)
	at org.openqa.selenium.support.ui.ExpectedConditions.lambda$findElement$0(ExpectedConditions.java:896)
	at java.base/java.util.Optional.orElseThrow(Optional.java:408)
	at org.openqa.selenium.support.ui.ExpectedConditions.findElement(ExpectedConditions.java:895)
	at org.openqa.selenium.support.ui.ExpectedConditions.access$000(ExpectedConditions.java:44)
	at org.openqa.selenium.support.ui.ExpectedConditions$7.apply(ExpectedConditions.java:206)
	at org.openqa.selenium.support.ui.ExpectedConditions$7.apply(ExpectedConditions.java:202)
	at org.openqa.selenium.support.ui.ExpectedConditions$22.apply(ExpectedConditions.java:657)
	at org.openqa.selenium.support.ui.ExpectedConditions$22.apply(ExpectedConditions.java:654)
	at org.openqa.selenium.support.ui.FluentWait.until(FluentWait.java:248)
	at br.com.smartdocs.core.BasePage.esperaExplicita(BasePage.java:433)
	at br.com.smartdocs.core.BasePage.esperaExplicita(BasePage.java:437)
	at br.com.smartdocs.core.BasePage.esperaExplicitaEClica(BasePage.java:441)
	at br.ce.smartdocs.page.MenuMaisPage.acessarTelaNovaPasta(MenuMaisPage.java:15)
	at br.ce.smartdocs.test.CT006CriarNovaPastaManualmente.teste8_CriarNovaSubpastaComDescricaoRepetida(CT006CriarNovaPastaManualmente.java:111)
</error>
    <system-err><![CDATA[nov 12, 2021 3:10:12 PM org.openqa.selenium.remote.DesiredCapabilities firefox
INFORMAÇÕES: Using `new FirefoxOptions()` is preferred to `DesiredCapabilities.firefox()`
nov 12, 2021 3:10:16 PM org.openqa.selenium.remote.ProtocolHandshake createSession
INFORMAÇÕES: Detected dialect: W3C
]]></system-err>
  </testcase>
</testsuite>